<?xml version="1.0" encoding="UTF-8"?>
<!-- Generated by org.testng.reporters.JUnitReportReporter -->
<testsuite skipped="0" hostname="Milenas-MacBook-Pro.local" name="com.syntax.testcases.AddLocationPageTest" tests="4" failures="0" timestamp="18 Jun 2019 02:57:00 GMT" time="44.392" errors="0">
  <testcase name="addLocation" time="10.444" classname="com.syntax.testcases.AddLocationPageTest"/>
  <testcase name="addLocation" time="10.793" classname="com.syntax.testcases.AddLocationPageTest"/>
  <testcase name="addLocation" time="11.011" classname="com.syntax.testcases.AddLocationPageTest"/>
  <testcase name="addLocation" time="12.144" classname="com.syntax.testcases.AddLocationPageTest"/>
</testsuite> <!-- com.syntax.testcases.AddLocationPageTest -->
