<?xml version="1.0" encoding="UTF-8"?>
<!-- Generated by org.testng.reporters.JUnitReportReporter -->
<testsuite skipped="0" hostname="Milenas-MacBook-Pro.local" name="com.syntax.testcases.AddEmployeePageTest" tests="9" failures="0" timestamp="18 Jun 2019 03:22:03 GMT" time="116.299" errors="0">
  <testcase name="addEmployee" time="13.173" classname="com.syntax.testcases.AddEmployeePageTest"/>
  <testcase name="addEmployee" time="12.475" classname="com.syntax.testcases.AddEmployeePageTest"/>
  <testcase name="addEmployee" time="13.327" classname="com.syntax.testcases.AddEmployeePageTest"/>
  <testcase name="addEmployee" time="13.208" classname="com.syntax.testcases.AddEmployeePageTest"/>
  <testcase name="addEmployee" time="12.525" classname="com.syntax.testcases.AddEmployeePageTest"/>
  <testcase name="addEmployee" time="12.171" classname="com.syntax.testcases.AddEmployeePageTest"/>
  <testcase name="addEmployee" time="14.088" classname="com.syntax.testcases.AddEmployeePageTest"/>
  <testcase name="addEmployee" time="12.430" classname="com.syntax.testcases.AddEmployeePageTest"/>
  <testcase name="addEmployee" time="12.902" classname="com.syntax.testcases.AddEmployeePageTest"/>
</testsuite> <!-- com.syntax.testcases.AddEmployeePageTest -->
