<?xml version="1.0" encoding="UTF-8"?>
<!-- Generated by org.testng.reporters.JUnitReportReporter -->
<testsuite skipped="0" hostname="Milenas-MacBook-Pro.local" name="com.syntax.utils.BaseClass" tests="1" failures="0" timestamp="17 Jun 2019 21:23:51 GMT" time="4.051" errors="0">
  <testcase name="setUp" time="4.051" classname="com.syntax.utils.BaseClass"/>
</testsuite> <!-- com.syntax.utils.BaseClass -->
