<?xml version="1.0" encoding="UTF-8"?>
<!-- Generated by org.testng.reporters.JUnitReportReporter -->
<testsuite skipped="1" hostname="Milenas-MacBook-Pro.local" name="com.syntax.testcases.LoginPageTest" tests="2" failures="0" timestamp="17 Jun 2019 22:45:45 GMT" time="5.654" errors="0">
  <testcase name="negativeLogin" time="5.654" classname="com.syntax.testcases.LoginPageTest"/>
  <testcase name="loginToOrangeHRM" classname="com.syntax.testcases.LoginPageTest">
    <skipped/>
  </testcase> <!-- loginToOrangeHRM -->
</testsuite> <!-- com.syntax.testcases.LoginPageTest -->
